D:\TX2WORK\WDF_GUI2\RELEASE\WDF_GUI2.EXE
D:\TX2WORK\WDF_GUI2\RELEASE\WDF_GUI2.PDB
D:\TX2work\wdf_gui2\wdf_gui2\Release\cl.command.1.tlog
D:\TX2work\wdf_gui2\wdf_gui2\Release\CL.read.1.tlog
D:\TX2work\wdf_gui2\wdf_gui2\Release\CL.write.1.tlog
D:\TX2work\wdf_gui2\wdf_gui2\Release\link.command.1.tlog
D:\TX2work\wdf_gui2\wdf_gui2\Release\link.read.1.tlog
D:\TX2work\wdf_gui2\wdf_gui2\Release\link.write.1.tlog
D:\TX2work\wdf_gui2\wdf_gui2\Release\link-cvtres.read.1.tlog
D:\TX2work\wdf_gui2\wdf_gui2\Release\link-cvtres.write.1.tlog
D:\TX2work\wdf_gui2\wdf_gui2\Release\mt.command.1.tlog
D:\TX2work\wdf_gui2\wdf_gui2\Release\mt.read.1.tlog
D:\TX2work\wdf_gui2\wdf_gui2\Release\mt.write.1.tlog
D:\TX2work\wdf_gui2\wdf_gui2\Release\rc.command.1.tlog
D:\TX2work\wdf_gui2\wdf_gui2\Release\rc.read.1.tlog
D:\TX2work\wdf_gui2\wdf_gui2\Release\rc.write.1.tlog
D:\TX2WORK\WDF_GUI2\WDF_GUI2\RELEASE\STDAFX.OBJ
D:\TX2WORK\WDF_GUI2\WDF_GUI2\RELEASE\VC100.PDB
D:\TX2WORK\WDF_GUI2\WDF_GUI2\RELEASE\WDF_GUI2.EXE.INTERMEDIATE.MANIFEST
D:\TX2WORK\WDF_GUI2\WDF_GUI2\RELEASE\WDF_GUI2.OBJ
D:\TX2WORK\WDF_GUI2\WDF_GUI2\RELEASE\WDF_GUI2.PCH
D:\TX2WORK\WDF_GUI2\WDF_GUI2\RELEASE\WDF_GUI2.RES
D:\TX2work\wdf_gui2\wdf_gui2\Release\wdf_gui2.write.1.tlog
D:\TX2WORK\WDF_GUI2\WDF_GUI2\RELEASE\WDF_GUI2DLG.OBJ
D:\TX2WORK\WDF_GUI2\WDF_GUI2\RELEASE\WDF_UNPACKER.OBJ
